<?xml version="1.0" encoding="UTF-8"?>
<testng-results skipped="0" failed="0" total="1" passed="1">
  <reporter-output>
  </reporter-output>
  <suite name="Default suite" duration-ms="135915" started-at="2020-10-24T08:48:13Z" finished-at="2020-10-24T08:50:29Z">
    <groups>
    </groups>
    <test name="Default test" duration-ms="135915" started-at="2020-10-24T08:48:13Z" finished-at="2020-10-24T08:50:29Z">
      <class name="Com.Assignment_1.FindBrokenLink">
        <test-method status="PASS" signature="setUp()[pri:0, instance:Com.Assignment_1.FindBrokenLink@482cd91f]" name="setUp" is-config="true" duration-ms="121300" started-at="2020-10-24T14:18:13Z" finished-at="2020-10-24T14:20:14Z">
          <reporter-output>
          </reporter-output>
        </test-method> <!-- setUp -->
        <test-method status="PASS" signature="brokenLink()[pri:0, instance:Com.Assignment_1.FindBrokenLink@482cd91f]" name="brokenLink" duration-ms="14563" started-at="2020-10-24T14:20:14Z" finished-at="2020-10-24T14:20:29Z">
          <reporter-output>
          </reporter-output>
        </test-method> <!-- brokenLink -->
      </class> <!-- Com.Assignment_1.FindBrokenLink -->
    </test> <!-- Default test -->
  </suite> <!-- Default suite -->
</testng-results>
